1747142197.544993 client started (47228): version 3.5a, socket /tmp/tmux-1000/default, protocol 8
1747142197.545085 on Linux 6.14.5-arch1-1 #1 SMP PREEMPT_DYNAMIC Sat, 03 May 2025 13:34:12 +0000
1747142197.545101 using libevent 2.1.12-stable poll
1747142197.545112 using ncurses 6.5 20240427
1747142197.545193 flags are 0x10010000
1747142197.545235 socket is /tmp/tmux-1000/default
1747142197.545268 trying connect
1747142197.545523 add peer 0x5cf6e41b0ad0: 6 ((nil))
1747142197.546790 sending message 111 to peer 0x5cf6e41b0ad0 (8 bytes)
1747142197.546821 sending message 111 to peer 0x5cf6e41b0ad0 (8 bytes)
1747142197.546831 sending message 101 to peer 0x5cf6e41b0ad0 (14 bytes)
1747142197.546840 sending message 109 to peer 0x5cf6e41b0ad0 (4 bytes)
1747142197.546848 sending message 102 to peer 0x5cf6e41b0ad0 (11 bytes)
1747142197.546856 sending message 108 to peer 0x5cf6e41b0ad0 (27 bytes)
1747142197.546865 sending message 112 to peer 0x5cf6e41b0ad0 (70 bytes)
1747142197.546874 sending message 112 to peer 0x5cf6e41b0ad0 (5 bytes)
1747142197.546883 sending message 112 to peer 0x5cf6e41b0ad0 (5 bytes)
1747142197.546892 sending message 112 to peer 0x5cf6e41b0ad0 (6 bytes)
1747142197.546900 sending message 112 to peer 0x5cf6e41b0ad0 (6 bytes)
1747142197.546908 sending message 112 to peer 0x5cf6e41b0ad0 (11 bytes)
1747142197.546916 sending message 112 to peer 0x5cf6e41b0ad0 (10 bytes)
1747142197.546924 sending message 112 to peer 0x5cf6e41b0ad0 (13 bytes)
1747142197.546932 sending message 112 to peer 0x5cf6e41b0ad0 (13 bytes)
1747142197.546940 sending message 112 to peer 0x5cf6e41b0ad0 (18 bytes)
1747142197.546948 sending message 112 to peer 0x5cf6e41b0ad0 (11 bytes)
1747142197.546957 sending message 112 to peer 0x5cf6e41b0ad0 (10 bytes)
1747142197.546965 sending message 112 to peer 0x5cf6e41b0ad0 (15 bytes)
1747142197.546973 sending message 112 to peer 0x5cf6e41b0ad0 (21 bytes)
1747142197.546981 sending message 112 to peer 0x5cf6e41b0ad0 (13 bytes)
1747142197.546989 sending message 112 to peer 0x5cf6e41b0ad0 (7 bytes)
1747142197.546997 sending message 112 to peer 0x5cf6e41b0ad0 (13 bytes)
1747142197.547005 sending message 112 to peer 0x5cf6e41b0ad0 (7 bytes)
1747142197.547014 sending message 112 to peer 0x5cf6e41b0ad0 (13 bytes)
1747142197.547022 sending message 112 to peer 0x5cf6e41b0ad0 (9 bytes)
1747142197.547030 sending message 112 to peer 0x5cf6e41b0ad0 (21 bytes)
1747142197.547038 sending message 112 to peer 0x5cf6e41b0ad0 (13 bytes)
1747142197.547046 sending message 112 to peer 0x5cf6e41b0ad0 (8 bytes)
1747142197.547054 sending message 112 to peer 0x5cf6e41b0ad0 (12 bytes)
1747142197.547062 sending message 112 to peer 0x5cf6e41b0ad0 (13 bytes)
1747142197.547070 sending message 112 to peer 0x5cf6e41b0ad0 (9 bytes)
1747142197.547078 sending message 112 to peer 0x5cf6e41b0ad0 (9 bytes)
1747142197.547086 sending message 112 to peer 0x5cf6e41b0ad0 (12 bytes)
1747142197.547094 sending message 112 to peer 0x5cf6e41b0ad0 (8 bytes)
1747142197.547103 sending message 112 to peer 0x5cf6e41b0ad0 (8 bytes)
1747142197.547111 sending message 112 to peer 0x5cf6e41b0ad0 (7 bytes)
1747142197.547119 sending message 112 to peer 0x5cf6e41b0ad0 (7 bytes)
1747142197.547127 sending message 112 to peer 0x5cf6e41b0ad0 (9 bytes)
1747142197.547135 sending message 112 to peer 0x5cf6e41b0ad0 (13 bytes)
1747142197.547143 sending message 112 to peer 0x5cf6e41b0ad0 (6 bytes)
1747142197.547151 sending message 112 to peer 0x5cf6e41b0ad0 (9 bytes)
1747142197.547160 sending message 112 to peer 0x5cf6e41b0ad0 (15 bytes)
1747142197.547168 sending message 112 to peer 0x5cf6e41b0ad0 (13 bytes)
1747142197.547176 sending message 112 to peer 0x5cf6e41b0ad0 (12 bytes)
1747142197.547184 sending message 112 to peer 0x5cf6e41b0ad0 (8 bytes)
1747142197.547192 sending message 112 to peer 0x5cf6e41b0ad0 (14 bytes)
1747142197.547200 sending message 112 to peer 0x5cf6e41b0ad0 (11 bytes)
1747142197.547208 sending message 112 to peer 0x5cf6e41b0ad0 (9 bytes)
1747142197.547216 sending message 112 to peer 0x5cf6e41b0ad0 (10 bytes)
1747142197.547225 sending message 112 to peer 0x5cf6e41b0ad0 (10 bytes)
1747142197.547251 sending message 112 to peer 0x5cf6e41b0ad0 (10 bytes)
1747142197.547259 sending message 112 to peer 0x5cf6e41b0ad0 (10 bytes)
1747142197.547267 sending message 112 to peer 0x5cf6e41b0ad0 (11 bytes)
1747142197.547275 sending message 112 to peer 0x5cf6e41b0ad0 (12 bytes)
1747142197.547283 sending message 112 to peer 0x5cf6e41b0ad0 (12 bytes)
1747142197.547291 sending message 112 to peer 0x5cf6e41b0ad0 (12 bytes)
1747142197.547300 sending message 112 to peer 0x5cf6e41b0ad0 (12 bytes)
1747142197.547308 sending message 112 to peer 0x5cf6e41b0ad0 (12 bytes)
1747142197.547316 sending message 112 to peer 0x5cf6e41b0ad0 (11 bytes)
1747142197.547324 sending message 112 to peer 0x5cf6e41b0ad0 (11 bytes)
1747142197.547332 sending message 112 to peer 0x5cf6e41b0ad0 (12 bytes)
1747142197.547340 sending message 112 to peer 0x5cf6e41b0ad0 (12 bytes)
1747142197.547349 sending message 112 to peer 0x5cf6e41b0ad0 (12 bytes)
1747142197.547357 sending message 112 to peer 0x5cf6e41b0ad0 (12 bytes)
1747142197.547365 sending message 112 to peer 0x5cf6e41b0ad0 (12 bytes)
1747142197.547373 sending message 112 to peer 0x5cf6e41b0ad0 (10 bytes)
1747142197.547381 sending message 112 to peer 0x5cf6e41b0ad0 (12 bytes)
1747142197.547389 sending message 112 to peer 0x5cf6e41b0ad0 (13 bytes)
1747142197.547397 sending message 112 to peer 0x5cf6e41b0ad0 (13 bytes)
1747142197.547405 sending message 112 to peer 0x5cf6e41b0ad0 (13 bytes)
1747142197.547413 sending message 112 to peer 0x5cf6e41b0ad0 (13 bytes)
1747142197.547421 sending message 112 to peer 0x5cf6e41b0ad0 (13 bytes)
1747142197.547429 sending message 112 to peer 0x5cf6e41b0ad0 (8 bytes)
1747142197.547437 sending message 112 to peer 0x5cf6e41b0ad0 (11 bytes)
1747142197.547446 sending message 112 to peer 0x5cf6e41b0ad0 (11 bytes)
1747142197.547454 sending message 112 to peer 0x5cf6e41b0ad0 (11 bytes)
1747142197.547462 sending message 112 to peer 0x5cf6e41b0ad0 (12 bytes)
1747142197.547470 sending message 112 to peer 0x5cf6e41b0ad0 (12 bytes)
1747142197.547478 sending message 112 to peer 0x5cf6e41b0ad0 (12 bytes)
1747142197.547486 sending message 112 to peer 0x5cf6e41b0ad0 (12 bytes)
1747142197.547494 sending message 112 to peer 0x5cf6e41b0ad0 (13 bytes)
1747142197.547502 sending message 112 to peer 0x5cf6e41b0ad0 (13 bytes)
1747142197.547510 sending message 112 to peer 0x5cf6e41b0ad0 (13 bytes)
1747142197.547519 sending message 112 to peer 0x5cf6e41b0ad0 (8 bytes)
1747142197.547527 sending message 112 to peer 0x5cf6e41b0ad0 (13 bytes)
1747142197.547535 sending message 112 to peer 0x5cf6e41b0ad0 (13 bytes)
1747142197.547543 sending message 112 to peer 0x5cf6e41b0ad0 (13 bytes)
1747142197.547568 sending message 112 to peer 0x5cf6e41b0ad0 (13 bytes)
1747142197.547580 sending message 112 to peer 0x5cf6e41b0ad0 (13 bytes)
1747142197.547588 sending message 112 to peer 0x5cf6e41b0ad0 (12 bytes)
1747142197.547596 sending message 112 to peer 0x5cf6e41b0ad0 (12 bytes)
1747142197.547604 sending message 112 to peer 0x5cf6e41b0ad0 (12 bytes)
1747142197.547612 sending message 112 to peer 0x5cf6e41b0ad0 (12 bytes)
1747142197.547620 sending message 112 to peer 0x5cf6e41b0ad0 (13 bytes)
1747142197.547629 sending message 112 to peer 0x5cf6e41b0ad0 (8 bytes)
1747142197.547637 sending message 112 to peer 0x5cf6e41b0ad0 (13 bytes)
1747142197.547645 sending message 112 to peer 0x5cf6e41b0ad0 (13 bytes)
1747142197.547653 sending message 112 to peer 0x5cf6e41b0ad0 (13 bytes)
1747142197.547661 sending message 112 to peer 0x5cf6e41b0ad0 (13 bytes)
1747142197.547669 sending message 112 to peer 0x5cf6e41b0ad0 (13 bytes)
1747142197.547677 sending message 112 to peer 0x5cf6e41b0ad0 (13 bytes)
1747142197.547685 sending message 112 to peer 0x5cf6e41b0ad0 (13 bytes)
1747142197.547693 sending message 112 to peer 0x5cf6e41b0ad0 (12 bytes)
1747142197.547701 sending message 112 to peer 0x5cf6e41b0ad0 (12 bytes)
1747142197.547709 sending message 112 to peer 0x5cf6e41b0ad0 (12 bytes)
1747142197.547717 sending message 112 to peer 0x5cf6e41b0ad0 (8 bytes)
1747142197.547725 sending message 112 to peer 0x5cf6e41b0ad0 (12 bytes)
1747142197.547745 sending message 112 to peer 0x5cf6e41b0ad0 (13 bytes)
1747142197.547753 sending message 112 to peer 0x5cf6e41b0ad0 (13 bytes)
1747142197.547762 sending message 112 to peer 0x5cf6e41b0ad0 (13 bytes)
1747142197.547770 sending message 112 to peer 0x5cf6e41b0ad0 (13 bytes)
1747142197.547778 sending message 112 to peer 0x5cf6e41b0ad0 (13 bytes)
1747142197.547786 sending message 112 to peer 0x5cf6e41b0ad0 (13 bytes)
1747142197.547794 sending message 112 to peer 0x5cf6e41b0ad0 (13 bytes)
1747142197.547802 sending message 112 to peer 0x5cf6e41b0ad0 (13 bytes)
1747142197.547810 sending message 112 to peer 0x5cf6e41b0ad0 (12 bytes)
1747142197.547818 sending message 112 to peer 0x5cf6e41b0ad0 (10 bytes)
1747142197.547826 sending message 112 to peer 0x5cf6e41b0ad0 (12 bytes)
1747142197.547835 sending message 112 to peer 0x5cf6e41b0ad0 (12 bytes)
1747142197.547843 sending message 112 to peer 0x5cf6e41b0ad0 (12 bytes)
1747142197.547851 sending message 112 to peer 0x5cf6e41b0ad0 (13 bytes)
1747142197.547859 sending message 112 to peer 0x5cf6e41b0ad0 (13 bytes)
1747142197.547867 sending message 112 to peer 0x5cf6e41b0ad0 (13 bytes)
1747142197.547875 sending message 112 to peer 0x5cf6e41b0ad0 (13 bytes)
1747142197.547883 sending message 112 to peer 0x5cf6e41b0ad0 (13 bytes)
1747142197.547891 sending message 112 to peer 0x5cf6e41b0ad0 (13 bytes)
1747142197.547899 sending message 112 to peer 0x5cf6e41b0ad0 (13 bytes)
1747142197.547907 sending message 112 to peer 0x5cf6e41b0ad0 (10 bytes)
1747142197.547915 sending message 112 to peer 0x5cf6e41b0ad0 (13 bytes)
1747142197.547923 sending message 112 to peer 0x5cf6e41b0ad0 (12 bytes)
1747142197.547931 sending message 112 to peer 0x5cf6e41b0ad0 (12 bytes)
1747142197.547948 sending message 112 to peer 0x5cf6e41b0ad0 (12 bytes)
1747142197.547968 sending message 112 to peer 0x5cf6e41b0ad0 (10 bytes)
1747142197.547985 sending message 112 to peer 0x5cf6e41b0ad0 (10 bytes)
1747142197.548005 sending message 112 to peer 0x5cf6e41b0ad0 (10 bytes)
1747142197.548022 sending message 112 to peer 0x5cf6e41b0ad0 (12 bytes)
1747142197.548030 sending message 112 to peer 0x5cf6e41b0ad0 (13 bytes)
1747142197.548039 sending message 112 to peer 0x5cf6e41b0ad0 (13 bytes)
1747142197.548047 sending message 112 to peer 0x5cf6e41b0ad0 (13 bytes)
1747142197.548055 sending message 112 to peer 0x5cf6e41b0ad0 (13 bytes)
1747142197.548063 sending message 112 to peer 0x5cf6e41b0ad0 (13 bytes)
1747142197.548071 sending message 112 to peer 0x5cf6e41b0ad0 (11 bytes)
1747142197.548079 sending message 112 to peer 0x5cf6e41b0ad0 (11 bytes)
1747142197.548087 sending message 112 to peer 0x5cf6e41b0ad0 (12 bytes)
1747142197.548095 sending message 112 to peer 0x5cf6e41b0ad0 (12 bytes)
1747142197.548103 sending message 112 to peer 0x5cf6e41b0ad0 (12 bytes)
1747142197.548111 sending message 112 to peer 0x5cf6e41b0ad0 (12 bytes)
1747142197.548119 sending message 112 to peer 0x5cf6e41b0ad0 (12 bytes)
1747142197.548127 sending message 112 to peer 0x5cf6e41b0ad0 (11 bytes)
1747142197.548135 sending message 112 to peer 0x5cf6e41b0ad0 (12 bytes)
1747142197.548143 sending message 112 to peer 0x5cf6e41b0ad0 (12 bytes)
1747142197.548151 sending message 112 to peer 0x5cf6e41b0ad0 (13 bytes)
1747142197.548159 sending message 112 to peer 0x5cf6e41b0ad0 (13 bytes)
1747142197.548167 sending message 112 to peer 0x5cf6e41b0ad0 (13 bytes)
1747142197.548176 sending message 112 to peer 0x5cf6e41b0ad0 (13 bytes)
1747142197.548184 sending message 112 to peer 0x5cf6e41b0ad0 (13 bytes)
1747142197.548192 sending message 112 to peer 0x5cf6e41b0ad0 (10 bytes)
1747142197.548200 sending message 112 to peer 0x5cf6e41b0ad0 (9 bytes)
1747142197.548208 sending message 112 to peer 0x5cf6e41b0ad0 (12 bytes)
1747142197.548216 sending message 112 to peer 0x5cf6e41b0ad0 (13 bytes)
1747142197.548224 sending message 112 to peer 0x5cf6e41b0ad0 (13 bytes)
1747142197.548232 sending message 112 to peer 0x5cf6e41b0ad0 (13 bytes)
1747142197.548240 sending message 112 to peer 0x5cf6e41b0ad0 (13 bytes)
1747142197.548248 sending message 112 to peer 0x5cf6e41b0ad0 (13 bytes)
1747142197.548265 sending message 112 to peer 0x5cf6e41b0ad0 (9 bytes)
1747142197.548274 sending message 112 to peer 0x5cf6e41b0ad0 (12 bytes)
1747142197.548282 sending message 112 to peer 0x5cf6e41b0ad0 (13 bytes)
1747142197.548290 sending message 112 to peer 0x5cf6e41b0ad0 (13 bytes)
1747142197.548298 sending message 112 to peer 0x5cf6e41b0ad0 (13 bytes)
1747142197.548306 sending message 112 to peer 0x5cf6e41b0ad0 (13 bytes)
1747142197.548314 sending message 112 to peer 0x5cf6e41b0ad0 (13 bytes)
1747142197.548322 sending message 112 to peer 0x5cf6e41b0ad0 (11 bytes)
1747142197.548330 sending message 112 to peer 0x5cf6e41b0ad0 (12 bytes)
1747142197.548338 sending message 112 to peer 0x5cf6e41b0ad0 (13 bytes)
1747142197.548347 sending message 112 to peer 0x5cf6e41b0ad0 (13 bytes)
1747142197.548355 sending message 112 to peer 0x5cf6e41b0ad0 (13 bytes)
1747142197.548363 sending message 112 to peer 0x5cf6e41b0ad0 (13 bytes)
1747142197.548371 sending message 112 to peer 0x5cf6e41b0ad0 (13 bytes)
1747142197.548379 sending message 112 to peer 0x5cf6e41b0ad0 (11 bytes)
1747142197.548387 sending message 112 to peer 0x5cf6e41b0ad0 (12 bytes)
1747142197.548396 sending message 112 to peer 0x5cf6e41b0ad0 (12 bytes)
1747142197.548404 sending message 112 to peer 0x5cf6e41b0ad0 (12 bytes)
1747142197.548412 sending message 112 to peer 0x5cf6e41b0ad0 (12 bytes)
1747142197.548420 sending message 112 to peer 0x5cf6e41b0ad0 (12 bytes)
1747142197.548429 sending message 112 to peer 0x5cf6e41b0ad0 (21 bytes)
1747142197.548437 sending message 112 to peer 0x5cf6e41b0ad0 (12 bytes)
1747142197.548445 sending message 112 to peer 0x5cf6e41b0ad0 (9 bytes)
1747142197.548454 sending message 112 to peer 0x5cf6e41b0ad0 (6 bytes)
1747142197.548462 sending message 112 to peer 0x5cf6e41b0ad0 (13 bytes)
1747142197.548471 sending message 112 to peer 0x5cf6e41b0ad0 (8 bytes)
1747142197.548480 sending message 112 to peer 0x5cf6e41b0ad0 (15 bytes)
1747142197.548488 sending message 112 to peer 0x5cf6e41b0ad0 (13 bytes)
1747142197.548497 sending message 112 to peer 0x5cf6e41b0ad0 (9 bytes)
1747142197.548505 sending message 112 to peer 0x5cf6e41b0ad0 (70 bytes)
1747142197.548514 sending message 112 to peer 0x5cf6e41b0ad0 (69 bytes)
1747142197.548523 sending message 112 to peer 0x5cf6e41b0ad0 (10 bytes)
1747142197.548531 sending message 112 to peer 0x5cf6e41b0ad0 (10 bytes)
1747142197.548539 sending message 112 to peer 0x5cf6e41b0ad0 (8 bytes)
1747142197.548563 sending message 112 to peer 0x5cf6e41b0ad0 (15 bytes)
1747142197.548576 sending message 112 to peer 0x5cf6e41b0ad0 (13 bytes)
1747142197.548584 sending message 112 to peer 0x5cf6e41b0ad0 (10 bytes)
1747142197.548593 sending message 112 to peer 0x5cf6e41b0ad0 (10 bytes)
1747142197.548601 sending message 112 to peer 0x5cf6e41b0ad0 (17 bytes)
1747142197.548609 sending message 112 to peer 0x5cf6e41b0ad0 (10 bytes)
1747142197.548617 sending message 112 to peer 0x5cf6e41b0ad0 (13 bytes)
1747142197.548626 sending message 112 to peer 0x5cf6e41b0ad0 (9 bytes)
1747142197.548634 sending message 112 to peer 0x5cf6e41b0ad0 (5 bytes)
1747142197.548643 sending message 112 to peer 0x5cf6e41b0ad0 (15 bytes)
1747142197.548656 sending message 104 to peer 0x5cf6e41b0ad0 (0 bytes)
1747142197.548667 sending message 110 to peer 0x5cf6e41b0ad0 (0 bytes)
1747142197.548679 sending message 107 to peer 0x5cf6e41b0ad0 (4 bytes)
1747142197.548688 sending message 105 to peer 0x5cf6e41b0ad0 (20 bytes)
1747142197.548697 sending message 105 to peer 0x5cf6e41b0ad0 (31 bytes)
1747142197.548705 sending message 105 to peer 0x5cf6e41b0ad0 (20 bytes)
1747142197.548714 sending message 105 to peer 0x5cf6e41b0ad0 (22 bytes)
1747142197.548722 sending message 105 to peer 0x5cf6e41b0ad0 (60 bytes)
1747142197.548731 sending message 105 to peer 0x5cf6e41b0ad0 (26 bytes)
1747142197.548739 sending message 105 to peer 0x5cf6e41b0ad0 (20 bytes)
1747142197.548748 sending message 105 to peer 0x5cf6e41b0ad0 (36 bytes)
1747142197.548756 sending message 105 to peer 0x5cf6e41b0ad0 (37 bytes)
1747142197.548765 sending message 105 to peer 0x5cf6e41b0ad0 (59 bytes)
1747142197.548781 sending message 105 to peer 0x5cf6e41b0ad0 (25 bytes)
1747142197.548789 sending message 105 to peer 0x5cf6e41b0ad0 (25 bytes)
1747142197.548798 sending message 105 to peer 0x5cf6e41b0ad0 (34 bytes)
1747142197.548816 sending message 105 to peer 0x5cf6e41b0ad0 (64 bytes)
1747142197.548836 sending message 105 to peer 0x5cf6e41b0ad0 (16 bytes)
1747142197.548848 sending message 105 to peer 0x5cf6e41b0ad0 (12 bytes)
1747142197.548868 sending message 105 to peer 0x5cf6e41b0ad0 (115 bytes)
1747142197.548886 sending message 105 to peer 0x5cf6e41b0ad0 (15 bytes)
1747142197.548903 sending message 105 to peer 0x5cf6e41b0ad0 (31 bytes)
1747142197.548912 sending message 105 to peer 0x5cf6e41b0ad0 (29 bytes)
1747142197.548921 sending message 105 to peer 0x5cf6e41b0ad0 (14 bytes)
1747142197.548930 sending message 105 to peer 0x5cf6e41b0ad0 (25 bytes)
1747142197.548938 sending message 105 to peer 0x5cf6e41b0ad0 (15 bytes)
1747142197.548947 sending message 105 to peer 0x5cf6e41b0ad0 (21 bytes)
1747142197.548956 sending message 105 to peer 0x5cf6e41b0ad0 (36 bytes)
1747142197.548965 sending message 105 to peer 0x5cf6e41b0ad0 (17 bytes)
1747142197.548973 sending message 105 to peer 0x5cf6e41b0ad0 (15 bytes)
1747142197.548982 sending message 105 to peer 0x5cf6e41b0ad0 (17 bytes)
1747142197.548990 sending message 105 to peer 0x5cf6e41b0ad0 (30 bytes)
1747142197.549000 sending message 105 to peer 0x5cf6e41b0ad0 (1917 bytes)
1747142197.549073 sending message 105 to peer 0x5cf6e41b0ad0 (29 bytes)
1747142197.549094 sending message 105 to peer 0x5cf6e41b0ad0 (26 bytes)
1747142197.549105 sending message 105 to peer 0x5cf6e41b0ad0 (71 bytes)
1747142197.549114 sending message 105 to peer 0x5cf6e41b0ad0 (25 bytes)
1747142197.549122 sending message 105 to peer 0x5cf6e41b0ad0 (47 bytes)
1747142197.549131 sending message 105 to peer 0x5cf6e41b0ad0 (23 bytes)
1747142197.549139 sending message 105 to peer 0x5cf6e41b0ad0 (35 bytes)
1747142197.549148 sending message 105 to peer 0x5cf6e41b0ad0 (19 bytes)
1747142197.549156 sending message 105 to peer 0x5cf6e41b0ad0 (11 bytes)
1747142197.549164 sending message 105 to peer 0x5cf6e41b0ad0 (13 bytes)
1747142197.549173 sending message 105 to peer 0x5cf6e41b0ad0 (90 bytes)
1747142197.549181 sending message 105 to peer 0x5cf6e41b0ad0 (20 bytes)
1747142197.549190 sending message 105 to peer 0x5cf6e41b0ad0 (12 bytes)
1747142197.549198 sending message 105 to peer 0x5cf6e41b0ad0 (11 bytes)
1747142197.549206 sending message 105 to peer 0x5cf6e41b0ad0 (8 bytes)
1747142197.549215 sending message 105 to peer 0x5cf6e41b0ad0 (14 bytes)
1747142197.549223 sending message 105 to peer 0x5cf6e41b0ad0 (21 bytes)
1747142197.549231 sending message 105 to peer 0x5cf6e41b0ad0 (21 bytes)
1747142197.549240 sending message 105 to peer 0x5cf6e41b0ad0 (11 bytes)
1747142197.549248 sending message 105 to peer 0x5cf6e41b0ad0 (17 bytes)
1747142197.549259 sending message 105 to peer 0x5cf6e41b0ad0 (31 bytes)
1747142197.549278 sending message 105 to peer 0x5cf6e41b0ad0 (50 bytes)
1747142197.549298 sending message 105 to peer 0x5cf6e41b0ad0 (29 bytes)
1747142197.549317 sending message 105 to peer 0x5cf6e41b0ad0 (122 bytes)
1747142197.549334 sending message 105 to peer 0x5cf6e41b0ad0 (604 bytes)
1747142197.549343 sending message 105 to peer 0x5cf6e41b0ad0 (33 bytes)
1747142197.549352 sending message 105 to peer 0x5cf6e41b0ad0 (20 bytes)
1747142197.549361 sending message 105 to peer 0x5cf6e41b0ad0 (54 bytes)
1747142197.549369 sending message 105 to peer 0x5cf6e41b0ad0 (70 bytes)
1747142197.549378 sending message 105 to peer 0x5cf6e41b0ad0 (51 bytes)
1747142197.549388 sending message 105 to peer 0x5cf6e41b0ad0 (27 bytes)
1747142197.549407 sending message 105 to peer 0x5cf6e41b0ad0 (34 bytes)
1747142197.549424 sending message 105 to peer 0x5cf6e41b0ad0 (19 bytes)
1747142197.549441 sending message 105 to peer 0x5cf6e41b0ad0 (18 bytes)
1747142197.549461 sending message 105 to peer 0x5cf6e41b0ad0 (16 bytes)
1747142197.549478 sending message 106 to peer 0x5cf6e41b0ad0 (0 bytes)
1747142197.549671 sending message 200 to peer 0x5cf6e41b0ad0 (4 bytes)
1747142197.549701 client loop enter
1747142197.556832 peer 0x5cf6e41b0ad0 message 303
1747142197.556862 open write file 2 -
1747142197.556890 sending message 305 to peer 0x5cf6e41b0ad0 (8 bytes)
1747142197.556916 write check file 2
1747142197.557408 peer 0x5cf6e41b0ad0 message 304
1747142197.557427 write 58 to file 2
1747142197.557440 peer 0x5cf6e41b0ad0 message 203
1747142197.557449 file 2 58 bytes left
1747142197.557493 write check file 2
1747142197.557502 client loop exit
