1734649327.264730 client started (302369): version 3.4, socket /tmp/tmux-1000/default, protocol 8
1734649327.264808 on Linux 6.8.0-51-generic #52-Ubuntu SMP PREEMPT_DYNAMIC Thu Dec  5 13:09:44 UTC 2024
1734649327.264818 using libevent 2.1.12-stable poll
1734649327.264824 using ncurses 6.4 20240113
1734649327.264862 flags are 0x10010000
1734649327.264891 socket is /tmp/tmux-1000/default
1734649327.264917 trying connect
1734649327.265075 add peer 0x5a6db1f3fb40: 6 ((nil))
1734649327.265956 sending message 100 to peer 0x5a6db1f3fb40 (4 bytes)
1734649327.265985 sending message 111 to peer 0x5a6db1f3fb40 (8 bytes)
1734649327.265994 sending message 101 to peer 0x5a6db1f3fb40 (14 bytes)
1734649327.266002 sending message 109 to peer 0x5a6db1f3fb40 (4 bytes)
1734649327.266009 sending message 102 to peer 0x5a6db1f3fb40 (11 bytes)
1734649327.266016 sending message 108 to peer 0x5a6db1f3fb40 (25 bytes)
1734649327.266023 sending message 112 to peer 0x5a6db1f3fb40 (70 bytes)
1734649327.266031 sending message 112 to peer 0x5a6db1f3fb40 (5 bytes)
1734649327.266038 sending message 112 to peer 0x5a6db1f3fb40 (5 bytes)
1734649327.266044 sending message 112 to peer 0x5a6db1f3fb40 (6 bytes)
1734649327.266051 sending message 112 to peer 0x5a6db1f3fb40 (6 bytes)
1734649327.266058 sending message 112 to peer 0x5a6db1f3fb40 (11 bytes)
1734649327.266065 sending message 112 to peer 0x5a6db1f3fb40 (10 bytes)
1734649327.266072 sending message 112 to peer 0x5a6db1f3fb40 (13 bytes)
1734649327.266078 sending message 112 to peer 0x5a6db1f3fb40 (13 bytes)
1734649327.266085 sending message 112 to peer 0x5a6db1f3fb40 (18 bytes)
1734649327.266092 sending message 112 to peer 0x5a6db1f3fb40 (11 bytes)
1734649327.266098 sending message 112 to peer 0x5a6db1f3fb40 (10 bytes)
1734649327.266105 sending message 112 to peer 0x5a6db1f3fb40 (15 bytes)
1734649327.266111 sending message 112 to peer 0x5a6db1f3fb40 (21 bytes)
1734649327.266118 sending message 112 to peer 0x5a6db1f3fb40 (13 bytes)
1734649327.266125 sending message 112 to peer 0x5a6db1f3fb40 (7 bytes)
1734649327.266132 sending message 112 to peer 0x5a6db1f3fb40 (13 bytes)
1734649327.266138 sending message 112 to peer 0x5a6db1f3fb40 (7 bytes)
1734649327.266145 sending message 112 to peer 0x5a6db1f3fb40 (13 bytes)
1734649327.266152 sending message 112 to peer 0x5a6db1f3fb40 (9 bytes)
1734649327.266158 sending message 112 to peer 0x5a6db1f3fb40 (21 bytes)
1734649327.266165 sending message 112 to peer 0x5a6db1f3fb40 (13 bytes)
1734649327.266172 sending message 112 to peer 0x5a6db1f3fb40 (8 bytes)
1734649327.266179 sending message 112 to peer 0x5a6db1f3fb40 (12 bytes)
1734649327.266185 sending message 112 to peer 0x5a6db1f3fb40 (13 bytes)
1734649327.266192 sending message 112 to peer 0x5a6db1f3fb40 (9 bytes)
1734649327.266199 sending message 112 to peer 0x5a6db1f3fb40 (9 bytes)
1734649327.266205 sending message 112 to peer 0x5a6db1f3fb40 (12 bytes)
1734649327.266212 sending message 112 to peer 0x5a6db1f3fb40 (8 bytes)
1734649327.266219 sending message 112 to peer 0x5a6db1f3fb40 (8 bytes)
1734649327.266226 sending message 112 to peer 0x5a6db1f3fb40 (7 bytes)
1734649327.266254 sending message 112 to peer 0x5a6db1f3fb40 (7 bytes)
1734649327.266267 sending message 112 to peer 0x5a6db1f3fb40 (9 bytes)
1734649327.266274 sending message 112 to peer 0x5a6db1f3fb40 (13 bytes)
1734649327.266281 sending message 112 to peer 0x5a6db1f3fb40 (6 bytes)
1734649327.266288 sending message 112 to peer 0x5a6db1f3fb40 (9 bytes)
1734649327.266295 sending message 112 to peer 0x5a6db1f3fb40 (15 bytes)
1734649327.266301 sending message 112 to peer 0x5a6db1f3fb40 (13 bytes)
1734649327.266308 sending message 112 to peer 0x5a6db1f3fb40 (12 bytes)
1734649327.266315 sending message 112 to peer 0x5a6db1f3fb40 (8 bytes)
1734649327.266322 sending message 112 to peer 0x5a6db1f3fb40 (14 bytes)
1734649327.266328 sending message 112 to peer 0x5a6db1f3fb40 (11 bytes)
1734649327.266335 sending message 112 to peer 0x5a6db1f3fb40 (9 bytes)
1734649327.266342 sending message 112 to peer 0x5a6db1f3fb40 (10 bytes)
1734649327.266349 sending message 112 to peer 0x5a6db1f3fb40 (10 bytes)
1734649327.266377 sending message 112 to peer 0x5a6db1f3fb40 (10 bytes)
1734649327.266384 sending message 112 to peer 0x5a6db1f3fb40 (10 bytes)
1734649327.266391 sending message 112 to peer 0x5a6db1f3fb40 (11 bytes)
1734649327.266397 sending message 112 to peer 0x5a6db1f3fb40 (12 bytes)
1734649327.266404 sending message 112 to peer 0x5a6db1f3fb40 (12 bytes)
1734649327.266411 sending message 112 to peer 0x5a6db1f3fb40 (12 bytes)
1734649327.266417 sending message 112 to peer 0x5a6db1f3fb40 (12 bytes)
1734649327.266424 sending message 112 to peer 0x5a6db1f3fb40 (12 bytes)
1734649327.266430 sending message 112 to peer 0x5a6db1f3fb40 (11 bytes)
1734649327.266437 sending message 112 to peer 0x5a6db1f3fb40 (11 bytes)
1734649327.266444 sending message 112 to peer 0x5a6db1f3fb40 (12 bytes)
1734649327.266450 sending message 112 to peer 0x5a6db1f3fb40 (12 bytes)
1734649327.266457 sending message 112 to peer 0x5a6db1f3fb40 (12 bytes)
1734649327.266463 sending message 112 to peer 0x5a6db1f3fb40 (12 bytes)
1734649327.266470 sending message 112 to peer 0x5a6db1f3fb40 (12 bytes)
1734649327.266476 sending message 112 to peer 0x5a6db1f3fb40 (10 bytes)
1734649327.266483 sending message 112 to peer 0x5a6db1f3fb40 (12 bytes)
1734649327.266490 sending message 112 to peer 0x5a6db1f3fb40 (13 bytes)
1734649327.266496 sending message 112 to peer 0x5a6db1f3fb40 (13 bytes)
1734649327.266503 sending message 112 to peer 0x5a6db1f3fb40 (13 bytes)
1734649327.266509 sending message 112 to peer 0x5a6db1f3fb40 (13 bytes)
1734649327.266516 sending message 112 to peer 0x5a6db1f3fb40 (13 bytes)
1734649327.266523 sending message 112 to peer 0x5a6db1f3fb40 (8 bytes)
1734649327.266529 sending message 112 to peer 0x5a6db1f3fb40 (11 bytes)
1734649327.266537 sending message 112 to peer 0x5a6db1f3fb40 (11 bytes)
1734649327.266544 sending message 112 to peer 0x5a6db1f3fb40 (11 bytes)
1734649327.266550 sending message 112 to peer 0x5a6db1f3fb40 (12 bytes)
1734649327.266557 sending message 112 to peer 0x5a6db1f3fb40 (12 bytes)
1734649327.266564 sending message 112 to peer 0x5a6db1f3fb40 (12 bytes)
1734649327.266570 sending message 112 to peer 0x5a6db1f3fb40 (12 bytes)
1734649327.266577 sending message 112 to peer 0x5a6db1f3fb40 (13 bytes)
1734649327.266584 sending message 112 to peer 0x5a6db1f3fb40 (13 bytes)
1734649327.266590 sending message 112 to peer 0x5a6db1f3fb40 (13 bytes)
1734649327.266597 sending message 112 to peer 0x5a6db1f3fb40 (8 bytes)
1734649327.266604 sending message 112 to peer 0x5a6db1f3fb40 (13 bytes)
1734649327.266611 sending message 112 to peer 0x5a6db1f3fb40 (13 bytes)
1734649327.266617 sending message 112 to peer 0x5a6db1f3fb40 (13 bytes)
1734649327.266624 sending message 112 to peer 0x5a6db1f3fb40 (13 bytes)
1734649327.266630 sending message 112 to peer 0x5a6db1f3fb40 (13 bytes)
1734649327.266637 sending message 112 to peer 0x5a6db1f3fb40 (12 bytes)
1734649327.266644 sending message 112 to peer 0x5a6db1f3fb40 (12 bytes)
1734649327.266650 sending message 112 to peer 0x5a6db1f3fb40 (12 bytes)
1734649327.266657 sending message 112 to peer 0x5a6db1f3fb40 (12 bytes)
1734649327.266664 sending message 112 to peer 0x5a6db1f3fb40 (13 bytes)
1734649327.266670 sending message 112 to peer 0x5a6db1f3fb40 (8 bytes)
1734649327.266677 sending message 112 to peer 0x5a6db1f3fb40 (13 bytes)
1734649327.266684 sending message 112 to peer 0x5a6db1f3fb40 (13 bytes)
1734649327.266691 sending message 112 to peer 0x5a6db1f3fb40 (13 bytes)
1734649327.266697 sending message 112 to peer 0x5a6db1f3fb40 (13 bytes)
1734649327.266704 sending message 112 to peer 0x5a6db1f3fb40 (13 bytes)
1734649327.266711 sending message 112 to peer 0x5a6db1f3fb40 (13 bytes)
1734649327.266717 sending message 112 to peer 0x5a6db1f3fb40 (13 bytes)
1734649327.266723 sending message 112 to peer 0x5a6db1f3fb40 (12 bytes)
1734649327.266730 sending message 112 to peer 0x5a6db1f3fb40 (12 bytes)
1734649327.266736 sending message 112 to peer 0x5a6db1f3fb40 (12 bytes)
1734649327.266743 sending message 112 to peer 0x5a6db1f3fb40 (8 bytes)
1734649327.266750 sending message 112 to peer 0x5a6db1f3fb40 (12 bytes)
1734649327.266766 sending message 112 to peer 0x5a6db1f3fb40 (13 bytes)
1734649327.266773 sending message 112 to peer 0x5a6db1f3fb40 (13 bytes)
1734649327.266780 sending message 112 to peer 0x5a6db1f3fb40 (13 bytes)
1734649327.266786 sending message 112 to peer 0x5a6db1f3fb40 (13 bytes)
1734649327.266793 sending message 112 to peer 0x5a6db1f3fb40 (13 bytes)
1734649327.266799 sending message 112 to peer 0x5a6db1f3fb40 (13 bytes)
1734649327.266806 sending message 112 to peer 0x5a6db1f3fb40 (13 bytes)
1734649327.266813 sending message 112 to peer 0x5a6db1f3fb40 (13 bytes)
1734649327.266819 sending message 112 to peer 0x5a6db1f3fb40 (12 bytes)
1734649327.266826 sending message 112 to peer 0x5a6db1f3fb40 (10 bytes)
1734649327.266832 sending message 112 to peer 0x5a6db1f3fb40 (12 bytes)
1734649327.266839 sending message 112 to peer 0x5a6db1f3fb40 (12 bytes)
1734649327.266845 sending message 112 to peer 0x5a6db1f3fb40 (12 bytes)
1734649327.266852 sending message 112 to peer 0x5a6db1f3fb40 (13 bytes)
1734649327.266870 sending message 112 to peer 0x5a6db1f3fb40 (13 bytes)
1734649327.266877 sending message 112 to peer 0x5a6db1f3fb40 (13 bytes)
1734649327.266884 sending message 112 to peer 0x5a6db1f3fb40 (13 bytes)
1734649327.266891 sending message 112 to peer 0x5a6db1f3fb40 (13 bytes)
1734649327.266897 sending message 112 to peer 0x5a6db1f3fb40 (13 bytes)
1734649327.266904 sending message 112 to peer 0x5a6db1f3fb40 (13 bytes)
1734649327.266910 sending message 112 to peer 0x5a6db1f3fb40 (10 bytes)
1734649327.266917 sending message 112 to peer 0x5a6db1f3fb40 (13 bytes)
1734649327.266924 sending message 112 to peer 0x5a6db1f3fb40 (12 bytes)
1734649327.266930 sending message 112 to peer 0x5a6db1f3fb40 (12 bytes)
1734649327.266937 sending message 112 to peer 0x5a6db1f3fb40 (12 bytes)
1734649327.266943 sending message 112 to peer 0x5a6db1f3fb40 (10 bytes)
1734649327.266950 sending message 112 to peer 0x5a6db1f3fb40 (10 bytes)
1734649327.266956 sending message 112 to peer 0x5a6db1f3fb40 (10 bytes)
1734649327.266963 sending message 112 to peer 0x5a6db1f3fb40 (12 bytes)
1734649327.266969 sending message 112 to peer 0x5a6db1f3fb40 (13 bytes)
1734649327.266976 sending message 112 to peer 0x5a6db1f3fb40 (13 bytes)
1734649327.266982 sending message 112 to peer 0x5a6db1f3fb40 (13 bytes)
1734649327.266989 sending message 112 to peer 0x5a6db1f3fb40 (13 bytes)
1734649327.266996 sending message 112 to peer 0x5a6db1f3fb40 (13 bytes)
1734649327.267002 sending message 112 to peer 0x5a6db1f3fb40 (11 bytes)
1734649327.267009 sending message 112 to peer 0x5a6db1f3fb40 (11 bytes)
1734649327.267015 sending message 112 to peer 0x5a6db1f3fb40 (12 bytes)
1734649327.267022 sending message 112 to peer 0x5a6db1f3fb40 (12 bytes)
1734649327.267028 sending message 112 to peer 0x5a6db1f3fb40 (12 bytes)
1734649327.267035 sending message 112 to peer 0x5a6db1f3fb40 (12 bytes)
1734649327.267042 sending message 112 to peer 0x5a6db1f3fb40 (12 bytes)
1734649327.267048 sending message 112 to peer 0x5a6db1f3fb40 (11 bytes)
1734649327.267055 sending message 112 to peer 0x5a6db1f3fb40 (12 bytes)
1734649327.267062 sending message 112 to peer 0x5a6db1f3fb40 (12 bytes)
1734649327.267068 sending message 112 to peer 0x5a6db1f3fb40 (13 bytes)
1734649327.267075 sending message 112 to peer 0x5a6db1f3fb40 (13 bytes)
1734649327.267081 sending message 112 to peer 0x5a6db1f3fb40 (13 bytes)
1734649327.267088 sending message 112 to peer 0x5a6db1f3fb40 (13 bytes)
1734649327.267095 sending message 112 to peer 0x5a6db1f3fb40 (13 bytes)
1734649327.267101 sending message 112 to peer 0x5a6db1f3fb40 (10 bytes)
1734649327.267108 sending message 112 to peer 0x5a6db1f3fb40 (9 bytes)
1734649327.267115 sending message 112 to peer 0x5a6db1f3fb40 (12 bytes)
1734649327.267121 sending message 112 to peer 0x5a6db1f3fb40 (13 bytes)
1734649327.267128 sending message 112 to peer 0x5a6db1f3fb40 (13 bytes)
1734649327.267135 sending message 112 to peer 0x5a6db1f3fb40 (13 bytes)
1734649327.267141 sending message 112 to peer 0x5a6db1f3fb40 (13 bytes)
1734649327.267148 sending message 112 to peer 0x5a6db1f3fb40 (13 bytes)
1734649327.267169 sending message 112 to peer 0x5a6db1f3fb40 (9 bytes)
1734649327.267176 sending message 112 to peer 0x5a6db1f3fb40 (12 bytes)
1734649327.267183 sending message 112 to peer 0x5a6db1f3fb40 (13 bytes)
1734649327.267189 sending message 112 to peer 0x5a6db1f3fb40 (13 bytes)
1734649327.267196 sending message 112 to peer 0x5a6db1f3fb40 (13 bytes)
1734649327.267203 sending message 112 to peer 0x5a6db1f3fb40 (13 bytes)
1734649327.267210 sending message 112 to peer 0x5a6db1f3fb40 (13 bytes)
1734649327.267216 sending message 112 to peer 0x5a6db1f3fb40 (11 bytes)
1734649327.267223 sending message 112 to peer 0x5a6db1f3fb40 (12 bytes)
1734649327.267248 sending message 112 to peer 0x5a6db1f3fb40 (13 bytes)
1734649327.267262 sending message 112 to peer 0x5a6db1f3fb40 (13 bytes)
1734649327.267269 sending message 112 to peer 0x5a6db1f3fb40 (13 bytes)
1734649327.267276 sending message 112 to peer 0x5a6db1f3fb40 (13 bytes)
1734649327.267283 sending message 112 to peer 0x5a6db1f3fb40 (13 bytes)
1734649327.267290 sending message 112 to peer 0x5a6db1f3fb40 (11 bytes)
1734649327.267296 sending message 112 to peer 0x5a6db1f3fb40 (12 bytes)
1734649327.267303 sending message 112 to peer 0x5a6db1f3fb40 (12 bytes)
1734649327.267310 sending message 112 to peer 0x5a6db1f3fb40 (12 bytes)
1734649327.267316 sending message 112 to peer 0x5a6db1f3fb40 (12 bytes)
1734649327.267324 sending message 112 to peer 0x5a6db1f3fb40 (12 bytes)
1734649327.267331 sending message 112 to peer 0x5a6db1f3fb40 (21 bytes)
1734649327.267338 sending message 112 to peer 0x5a6db1f3fb40 (12 bytes)
1734649327.267345 sending message 112 to peer 0x5a6db1f3fb40 (9 bytes)
1734649327.267352 sending message 112 to peer 0x5a6db1f3fb40 (6 bytes)
1734649327.267359 sending message 112 to peer 0x5a6db1f3fb40 (13 bytes)
1734649327.267366 sending message 112 to peer 0x5a6db1f3fb40 (8 bytes)
1734649327.267373 sending message 112 to peer 0x5a6db1f3fb40 (15 bytes)
1734649327.267380 sending message 112 to peer 0x5a6db1f3fb40 (13 bytes)
1734649327.267387 sending message 112 to peer 0x5a6db1f3fb40 (9 bytes)
1734649327.267394 sending message 112 to peer 0x5a6db1f3fb40 (70 bytes)
1734649327.267401 sending message 112 to peer 0x5a6db1f3fb40 (69 bytes)
1734649327.267408 sending message 112 to peer 0x5a6db1f3fb40 (10 bytes)
1734649327.267415 sending message 112 to peer 0x5a6db1f3fb40 (10 bytes)
1734649327.267422 sending message 112 to peer 0x5a6db1f3fb40 (8 bytes)
1734649327.267429 sending message 112 to peer 0x5a6db1f3fb40 (15 bytes)
1734649327.267436 sending message 112 to peer 0x5a6db1f3fb40 (13 bytes)
1734649327.267442 sending message 112 to peer 0x5a6db1f3fb40 (10 bytes)
1734649327.267450 sending message 112 to peer 0x5a6db1f3fb40 (10 bytes)
1734649327.267457 sending message 112 to peer 0x5a6db1f3fb40 (17 bytes)
1734649327.267464 sending message 112 to peer 0x5a6db1f3fb40 (10 bytes)
1734649327.267471 sending message 112 to peer 0x5a6db1f3fb40 (13 bytes)
1734649327.267478 sending message 112 to peer 0x5a6db1f3fb40 (9 bytes)
1734649327.267485 sending message 112 to peer 0x5a6db1f3fb40 (5 bytes)
1734649327.267492 sending message 112 to peer 0x5a6db1f3fb40 (15 bytes)
1734649327.267502 sending message 104 to peer 0x5a6db1f3fb40 (0 bytes)
1734649327.267510 sending message 110 to peer 0x5a6db1f3fb40 (0 bytes)
1734649327.267518 sending message 107 to peer 0x5a6db1f3fb40 (4 bytes)
1734649327.267526 sending message 105 to peer 0x5a6db1f3fb40 (16 bytes)
1734649327.267533 sending message 105 to peer 0x5a6db1f3fb40 (86 bytes)
1734649327.267541 sending message 105 to peer 0x5a6db1f3fb40 (19 bytes)
1734649327.267548 sending message 105 to peer 0x5a6db1f3fb40 (20 bytes)
1734649327.267555 sending message 105 to peer 0x5a6db1f3fb40 (45 bytes)
1734649327.267562 sending message 105 to peer 0x5a6db1f3fb40 (60 bytes)
1734649327.267569 sending message 105 to peer 0x5a6db1f3fb40 (23 bytes)
1734649327.267577 sending message 105 to peer 0x5a6db1f3fb40 (25 bytes)
1734649327.267584 sending message 105 to peer 0x5a6db1f3fb40 (44 bytes)
1734649327.267591 sending message 105 to peer 0x5a6db1f3fb40 (37 bytes)
1734649327.267607 sending message 105 to peer 0x5a6db1f3fb40 (23 bytes)
1734649327.267614 sending message 105 to peer 0x5a6db1f3fb40 (32 bytes)
1734649327.267622 sending message 105 to peer 0x5a6db1f3fb40 (20 bytes)
1734649327.267629 sending message 105 to peer 0x5a6db1f3fb40 (41 bytes)
1734649327.267635 sending message 105 to peer 0x5a6db1f3fb40 (51 bytes)
1734649327.267642 sending message 105 to peer 0x5a6db1f3fb40 (52 bytes)
1734649327.267650 sending message 105 to peer 0x5a6db1f3fb40 (20 bytes)
1734649327.267657 sending message 105 to peer 0x5a6db1f3fb40 (23 bytes)
1734649327.267664 sending message 105 to peer 0x5a6db1f3fb40 (24 bytes)
1734649327.267671 sending message 105 to peer 0x5a6db1f3fb40 (12 bytes)
1734649327.267679 sending message 105 to peer 0x5a6db1f3fb40 (115 bytes)
1734649327.267686 sending message 105 to peer 0x5a6db1f3fb40 (28 bytes)
1734649327.267692 sending message 105 to peer 0x5a6db1f3fb40 (29 bytes)
1734649327.267699 sending message 105 to peer 0x5a6db1f3fb40 (27 bytes)
1734649327.267706 sending message 105 to peer 0x5a6db1f3fb40 (14 bytes)
1734649327.267713 sending message 105 to peer 0x5a6db1f3fb40 (25 bytes)
1734649327.267720 sending message 105 to peer 0x5a6db1f3fb40 (22 bytes)
1734649327.267728 sending message 105 to peer 0x5a6db1f3fb40 (54 bytes)
1734649327.267735 sending message 105 to peer 0x5a6db1f3fb40 (22 bytes)
1734649327.267743 sending message 105 to peer 0x5a6db1f3fb40 (17 bytes)
1734649327.267749 sending message 105 to peer 0x5a6db1f3fb40 (15 bytes)
1734649327.267756 sending message 105 to peer 0x5a6db1f3fb40 (18 bytes)
1734649327.267763 sending message 105 to peer 0x5a6db1f3fb40 (21 bytes)
1734649327.267770 sending message 105 to peer 0x5a6db1f3fb40 (17 bytes)
1734649327.267777 sending message 105 to peer 0x5a6db1f3fb40 (1817 bytes)
1734649327.267825 sending message 105 to peer 0x5a6db1f3fb40 (33 bytes)
1734649327.267834 sending message 105 to peer 0x5a6db1f3fb40 (144 bytes)
1734649327.267842 sending message 105 to peer 0x5a6db1f3fb40 (17 bytes)
1734649327.267849 sending message 105 to peer 0x5a6db1f3fb40 (26 bytes)
1734649327.267856 sending message 105 to peer 0x5a6db1f3fb40 (86 bytes)
1734649327.267863 sending message 105 to peer 0x5a6db1f3fb40 (25 bytes)
1734649327.267870 sending message 105 to peer 0x5a6db1f3fb40 (23 bytes)
1734649327.267876 sending message 105 to peer 0x5a6db1f3fb40 (26 bytes)
1734649327.267883 sending message 105 to peer 0x5a6db1f3fb40 (23 bytes)
1734649327.267890 sending message 105 to peer 0x5a6db1f3fb40 (19 bytes)
1734649327.267897 sending message 105 to peer 0x5a6db1f3fb40 (30 bytes)
1734649327.267904 sending message 105 to peer 0x5a6db1f3fb40 (27 bytes)
1734649327.267910 sending message 105 to peer 0x5a6db1f3fb40 (11 bytes)
1734649327.267917 sending message 105 to peer 0x5a6db1f3fb40 (13 bytes)
1734649327.267924 sending message 105 to peer 0x5a6db1f3fb40 (30 bytes)
1734649327.267931 sending message 105 to peer 0x5a6db1f3fb40 (20 bytes)
1734649327.267937 sending message 105 to peer 0x5a6db1f3fb40 (12 bytes)
1734649327.267944 sending message 105 to peer 0x5a6db1f3fb40 (11 bytes)
1734649327.267951 sending message 105 to peer 0x5a6db1f3fb40 (8 bytes)
1734649327.267958 sending message 105 to peer 0x5a6db1f3fb40 (14 bytes)
1734649327.267965 sending message 105 to peer 0x5a6db1f3fb40 (21 bytes)
1734649327.267972 sending message 105 to peer 0x5a6db1f3fb40 (35 bytes)
1734649327.267979 sending message 105 to peer 0x5a6db1f3fb40 (25 bytes)
1734649327.267986 sending message 105 to peer 0x5a6db1f3fb40 (18 bytes)
1734649327.267993 sending message 105 to peer 0x5a6db1f3fb40 (27 bytes)
1734649327.268000 sending message 105 to peer 0x5a6db1f3fb40 (13 bytes)
1734649327.268007 sending message 105 to peer 0x5a6db1f3fb40 (31 bytes)
1734649327.268014 sending message 105 to peer 0x5a6db1f3fb40 (47 bytes)
1734649327.268021 sending message 105 to peer 0x5a6db1f3fb40 (20 bytes)
1734649327.268028 sending message 105 to peer 0x5a6db1f3fb40 (102 bytes)
1734649327.268036 sending message 105 to peer 0x5a6db1f3fb40 (545 bytes)
1734649327.268043 sending message 105 to peer 0x5a6db1f3fb40 (18 bytes)
1734649327.268059 sending message 105 to peer 0x5a6db1f3fb40 (54 bytes)
1734649327.268066 sending message 105 to peer 0x5a6db1f3fb40 (70 bytes)
1734649327.268074 sending message 105 to peer 0x5a6db1f3fb40 (51 bytes)
1734649327.268080 sending message 105 to peer 0x5a6db1f3fb40 (23 bytes)
1734649327.268087 sending message 105 to peer 0x5a6db1f3fb40 (19 bytes)
1734649327.268094 sending message 105 to peer 0x5a6db1f3fb40 (18 bytes)
1734649327.268101 sending message 105 to peer 0x5a6db1f3fb40 (16 bytes)
1734649327.268108 sending message 106 to peer 0x5a6db1f3fb40 (0 bytes)
1734649327.268375 sending message 200 to peer 0x5a6db1f3fb40 (4 bytes)
1734649327.268396 client loop enter
1734649327.269613 peer 0x5a6db1f3fb40 message 303
1734649327.269645 open write file 2 -
1734649327.269668 sending message 305 to peer 0x5a6db1f3fb40 (8 bytes)
1734649327.269694 write check file 2
1734649327.270212 peer 0x5a6db1f3fb40 message 304
1734649327.270258 write 58 to file 2
1734649327.270285 peer 0x5a6db1f3fb40 message 203
1734649327.270293 file 2 58 bytes left
1734649327.270339 write check file 2
1734649327.270346 client loop exit
